<?xml version="1.0" encoding="UTF-8"?>
<testsuite xmlns:xsi="http://www.w3.org/2001/XMLSchema-instance" xsi:noNamespaceSchemaLocation="https://maven.apache.org/surefire/maven-surefire-plugin/xsd/surefire-test-report.xsd" name="com.ipiecoles.java.java350.model.repository.EmployeRepositoryTest" time="7.354" tests="4" errors="0" skipped="0" failures="0">
  <properties>
[...]
</properties>
  <testcase name="findLastMatricule3Employe" classname="com.ipiecoles.java.java350.model.repository.EmployeRepositoryTest" time="0.329"/>
  <testcase name="findLastMatriculeNull" classname="com.ipiecoles.java.java350.model.repository.EmployeRepositoryTest" time="0.036"/>
  <testcase name="findLastMatriculeVide" classname="com.ipiecoles.java.java350.model.repository.EmployeRepositoryTest" time="0.007"/>
  <testcase name="avgPerformanceWhereMatriculeStartsWith" classname="com.ipiecoles.java.java350.model.repository.EmployeRepositoryTest" time="0.003"/>
</testsuite>